Using pre-set license
Built from '2020.2/release' branch; Version is '2020.2.2f1 (068178b99f32) revision 426360'; Using compiler version '192528614'; Build Type 'Release'
OS: 'Windows 10 Enterprise G; OS build 16299.1481; Version 1709; 64bit' Language: 'zh' Physical Memory: 16296 MB
BatchMode: 1, IsHumanControllingUs: 0, StartBugReporterOnCrash: 0, Is64bit: 1, IsPro: 0

 COMMAND LINE ARGUMENTS:
C:\Program Files\Unity\Hub\Editor\2020.2.2f1\Editor\Unity.exe
-adb2
-batchMode
-noUpm
-name
AssetImportWorker0
-projectPath
D:/PROGRAM FILES (X86)/helloworld/Kamikaze Thunder Pilots
-logFile
Logs/AssetImportWorker0.log
-srvPort
50870
Successfully changed project path to: D:/PROGRAM FILES (X86)/helloworld/Kamikaze Thunder Pilots
D:/PROGRAM FILES (X86)/helloworld/Kamikaze Thunder Pilots
Using Asset Import Pipeline V2.
Refreshing native plugins compatible for Editor in 81.69 ms, found 1 plugins.
Preloading 0 native plugins for Editor in 0.00 ms.
Initialize engine version: 2020.2.2f1 (068178b99f32)
[Subsystems] Discovering subsystems at path C:/Program Files/Unity/Hub/Editor/2020.2.2f1/Editor/Data/Resources/UnitySubsystems
[Subsystems] Discovering subsystems at path D:/PROGRAM FILES (X86)/helloworld/Kamikaze Thunder Pilots/Assets
GfxDevice: creating device client; threaded=0
Direct3D:
    Version:  Direct3D 11.0 [level 11.1]
    Renderer: Intel(R) HD Graphics 530 (ID=0x191b)
    Vendor:   
    VRAM:     8148 MB
    Driver:   26.20.100.7212
Initialize mono
Mono path[0] = 'C:/Program Files/Unity/Hub/Editor/2020.2.2f1/Editor/Data/Managed'
Mono path[1] = 'C:/Program Files/Unity/Hub/Editor/2020.2.2f1/Editor/Data/MonoBleedingEdge/lib/mono/unityjit'
Mono config path = 'C:/Program Files/Unity/Hub/Editor/2020.2.2f1/Editor/Data/MonoBleedingEdge/etc'
Using monoOptions --debugger-agent=transport=dt_socket,embedding=1,server=y,suspend=n,address=127.0.0.1:56384
Begin MonoManager ReloadAssembly
Registering precompiled unity dll's ...
Register platform support module: C:/Program Files/Unity/Hub/Editor/2020.2.2f1/Editor/Data/PlaybackEngines/WindowsStandaloneSupport/UnityEditor.WindowsStandalone.Extensions.dll
Registered in 0.010450 seconds.
Native extension for WindowsStandalone target not found
Refreshing native plugins compatible for Editor in 69.12 ms, found 1 plugins.
Preloading 0 native plugins for Editor in 0.00 ms.
Invoked RoslynAnalysisRunner static constructor.
RoslynAnalysisRunner will not be running.
RoslynAnalysisRunner has terminated.
Mono: successfully reloaded assembly
- Completed reload, in  8.100 seconds
Platform modules already initialized, skipping
Registering precompiled user dll's ...
Registered in 0.001855 seconds.
Begin MonoManager ReloadAssembly
Native extension for WindowsStandalone target not found
Refreshing native plugins compatible for Editor in 63.03 ms, found 1 plugins.
Preloading 0 native plugins for Editor in 0.00 ms.
Invoked RoslynAnalysisRunner static constructor.
RoslynAnalysisRunner will not be running.
RoslynAnalysisRunner has terminated.
Mono: successfully reloaded assembly
- Completed reload, in  2.154 seconds
Platform modules already initialized, skipping
========================================================================
Worker process is ready to serve import requests
Launched and connected shader compiler UnityShaderCompiler.exe after 0.11 seconds
Refreshing native plugins compatible for Editor in 0.49 ms, found 1 plugins.
Preloading 0 native plugins for Editor in 0.00 ms.
Unloading 1792 Unused Serialized files (Serialized files now loaded: 0)
System memory in use before: 86.6 MB.
System memory in use after: 86.6 MB.

Unloading 24 unused Assets to reduce memory usage. Loaded Objects now: 2233.
Total: 4.841720 ms (FindLiveObjects: 0.210690 ms CreateObjectMapping: 0.092507 ms MarkObjects: 4.403349 ms  DeleteObjects: 0.134041 ms)

========================================================================
Received Import Request.
  path: Assets/Kamikaze Thunder Pilots/Scripts
  artifactKey: Guid(07295f5da3d9388438d6c3dd5607bef6) Importer(815301076,1909f56bfc062723c751e8b465ee728b)
Start importing Assets/Kamikaze Thunder Pilots/Scripts using Guid(07295f5da3d9388438d6c3dd5607bef6) Importer(815301076,1909f56bfc062723c751e8b465ee728b)  -> (artifact id: 'e20d9deb0a308971ac8941df1147d2ed') in 0.012445 seconds
  Import took 0.016625 seconds .

========================================================================
Received Import Request.
  Time since last request: 1.859055 seconds.
  path: Assets/Kamikaze Thunder Pilots/Scenes
  artifactKey: Guid(21f7c9c6977910b4592bb36583b5252b) Importer(815301076,1909f56bfc062723c751e8b465ee728b)
Start importing Assets/Kamikaze Thunder Pilots/Scenes using Guid(21f7c9c6977910b4592bb36583b5252b) Importer(815301076,1909f56bfc062723c751e8b465ee728b)  -> (artifact id: '0867e2dc88455621a8d4ec9bf55dd16d') in 0.009029 seconds
  Import took 0.015559 seconds .

========================================================================
Received Import Request.
  Time since last request: 4.969610 seconds.
  path: Assets/Kamikaze Thunder Pilots/Scripts/Cleon
  artifactKey: Guid(91e8fda03bc42d5408f6849d1743f3a0) Importer(815301076,1909f56bfc062723c751e8b465ee728b)
Start importing Assets/Kamikaze Thunder Pilots/Scripts/Cleon using Guid(91e8fda03bc42d5408f6849d1743f3a0) Importer(815301076,1909f56bfc062723c751e8b465ee728b)  -> (artifact id: '50cf46366e7c73a2527984722dfe314c') in 0.006551 seconds
  Import took 0.011336 seconds .

AssetImportWorkerClient::OnTransportError - code=2 error=End of file
